2025-09-18 14:35:49,777 - imu560 - INFO - IMU560 Controller initialized (CORRECTED VERSION)
2025-09-18 14:35:49,786 - imu560 - INFO - Connected to IMU560 on /dev/ttyUSB0 at 115200 baud
2025-09-18 14:35:49,797 - imu560 - INFO - Continuous mode disabled, frequency: 100Hz
2025-09-18 14:35:50,309 - imu560 - INFO - Output mask set to 0x0A13E022
2025-09-18 14:35:50,821 - imu560 - INFO - Current magnetic declination: 0.0°
2025-09-18 14:35:55,028 - imu560 - INFO - Current output mask: 0x0A130022
2025-09-18 14:35:55,076 - imu560 - INFO - Current output mask: 0x0A130022
2025-09-18 14:35:56,672 - imu560 - INFO - Current output mask: 0x0A130022
2025-09-18 14:35:58,288 - imu560 - INFO - Current output mask: 0x0A130022
2025-09-18 14:35:58,336 - imu560 - INFO - Current output mask: 0x0A130022
2025-09-18 14:35:59,933 - imu560 - INFO - Current output mask: 0x0A130022
2025-09-18 14:36:01,644 - imu560 - INFO - Current output mask: 0x0A130022
2025-09-18 14:36:01,693 - imu560 - INFO - Current output mask: 0x0A130022
2025-09-18 14:36:03,292 - imu560 - INFO - Current output mask: 0x0A130022
2025-09-18 14:36:04,818 - imu560 - INFO - Current output mask: 0x0A130022
2025-09-18 14:36:04,863 - imu560 - INFO - Current output mask: 0x0A130022
2025-09-18 14:36:06,458 - imu560 - INFO - Current output mask: 0x0A130022
2025-09-18 14:36:07,481 - imu560 - INFO - Current output mask: 0x0A130022
2025-09-18 14:36:07,529 - imu560 - INFO - Current output mask: 0x0A130022
2025-09-18 14:36:09,122 - imu560 - INFO - Current output mask: 0x0A130022
2025-09-18 14:36:10,413 - imu560 - INFO - Current output mask: 0x0A130022
2025-09-18 14:36:10,458 - imu560 - INFO - Current output mask: 0x0A130022
2025-09-18 14:36:12,053 - imu560 - INFO - Current output mask: 0x0A130022
2025-09-18 14:36:13,762 - imu560 - INFO - Current output mask: 0x0A130022
2025-09-18 14:36:13,808 - imu560 - INFO - Current output mask: 0x0A130022
2025-09-18 14:36:15,407 - imu560 - INFO - Current output mask: 0x0A130022
2025-09-18 14:36:16,812 - imu560 - INFO - Current output mask: 0x0A130022
2025-09-18 14:36:16,859 - imu560 - INFO - Current output mask: 0x0A130022
2025-09-18 14:36:18,457 - imu560 - INFO - Current output mask: 0x0A130022
2025-09-18 14:36:20,232 - imu560 - INFO - Current output mask: 0x0A130022
2025-09-18 14:36:20,277 - imu560 - INFO - Current output mask: 0x0A130022
2025-09-18 14:36:21,872 - imu560 - INFO - Current output mask: 0x0A130022
2025-09-18 14:36:23,327 - imu560 - INFO - Current output mask: 0x0A130022
2025-09-18 14:36:23,372 - imu560 - INFO - Current output mask: 0x0A130022
2025-09-18 14:36:24,967 - imu560 - INFO - Current output mask: 0x0A130022
2025-09-18 14:36:26,662 - imu560 - INFO - Current output mask: 0x0A130022
2025-09-18 14:36:26,708 - imu560 - INFO - Current output mask: 0x0A130022
2025-09-18 14:36:28,307 - imu560 - INFO - Current output mask: 0x0A130022
2025-09-18 14:36:29,612 - imu560 - INFO - Current output mask: 0x0A130022
2025-09-18 14:36:29,657 - imu560 - INFO - Current output mask: 0x0A130022
2025-09-18 14:36:31,252 - imu560 - INFO - Current output mask: 0x0A130022
2025-09-18 14:36:32,884 - imu560 - INFO - Current output mask: 0x0A130022
2025-09-18 14:36:32,932 - imu560 - INFO - Current output mask: 0x0A130022
2025-09-18 14:36:34,527 - imu560 - INFO - Current output mask: 0x0A130022
2025-09-18 14:36:36,026 - imu560 - INFO - Current output mask: 0x0A130022
2025-09-18 14:36:36,072 - imu560 - INFO - Current output mask: 0x0A130022
2025-09-18 14:36:37,667 - imu560 - INFO - Current output mask: 0x0A130022
2025-09-18 14:36:39,432 - imu560 - INFO - Current output mask: 0x0A130022
2025-09-18 14:36:39,483 - imu560 - INFO - Current output mask: 0x0A130022
2025-09-18 14:36:41,079 - imu560 - INFO - Current output mask: 0x0A130022
2025-09-18 14:36:42,757 - imu560 - INFO - Current output mask: 0x0A130022
2025-09-18 14:36:42,802 - imu560 - INFO - Current output mask: 0x0A130022
2025-09-18 14:36:44,397 - imu560 - INFO - Current output mask: 0x0A130022
2025-09-18 14:36:45,948 - imu560 - INFO - Current output mask: 0x0A130022
2025-09-18 14:36:45,996 - imu560 - INFO - Current output mask: 0x0A130022
2025-09-18 14:36:47,592 - imu560 - INFO - Current output mask: 0x0A130022
2025-09-18 14:36:49,392 - imu560 - INFO - Current output mask: 0x0A130022
2025-09-18 14:36:49,438 - imu560 - INFO - Current output mask: 0x0A130022
2025-09-18 14:36:51,039 - imu560 - INFO - Current output mask: 0x0A130022
2025-09-18 14:36:52,860 - imu560 - INFO - Current output mask: 0x0A130022
2025-09-18 14:36:52,907 - imu560 - INFO - Current output mask: 0x0A130022
2025-09-18 14:36:54,507 - imu560 - INFO - Current output mask: 0x0A130022
2025-09-18 14:36:56,001 - imu560 - INFO - Current output mask: 0x0A130022
2025-09-18 14:36:56,046 - imu560 - INFO - Current output mask: 0x0A130022
2025-09-18 14:36:57,641 - imu560 - INFO - Current output mask: 0x0A130022
2025-09-18 14:36:59,156 - imu560 - INFO - Current output mask: 0x0A130022
2025-09-18 14:36:59,202 - imu560 - INFO - Current output mask: 0x0A130022
2025-09-18 14:37:00,796 - imu560 - INFO - Current output mask: 0x0A130022
2025-09-18 14:37:02,086 - imu560 - INFO - Current output mask: 0x0A130022
2025-09-18 14:37:02,135 - imu560 - INFO - Current output mask: 0x0A130022
2025-09-18 14:37:03,732 - imu560 - INFO - Current output mask: 0x0A130022
2025-09-18 14:37:05,477 - imu560 - INFO - Current output mask: 0x0A130022
2025-09-18 14:37:05,524 - imu560 - INFO - Current output mask: 0x0A130022
2025-09-18 14:37:07,123 - imu560 - INFO - Current output mask: 0x0A130022
2025-09-18 14:37:08,667 - imu560 - INFO - Current output mask: 0x0A130022
2025-09-18 14:37:08,712 - imu560 - INFO - Current output mask: 0x0A130022
2025-09-18 14:37:10,311 - imu560 - INFO - Current output mask: 0x0A130022
2025-09-18 14:37:11,726 - imu560 - INFO - Current output mask: 0x0A130022
2025-09-18 14:37:11,772 - imu560 - INFO - Current output mask: 0x0A130022
2025-09-18 14:37:13,371 - imu560 - INFO - Current output mask: 0x0A130022
2025-09-18 14:37:15,187 - imu560 - INFO - Current output mask: 0x0A130022
2025-09-18 14:37:15,232 - imu560 - INFO - Current output mask: 0x0A130022
2025-09-18 14:37:16,826 - imu560 - INFO - Current output mask: 0x0A130022
2025-09-18 14:37:18,631 - imu560 - INFO - Current output mask: 0x0A130022
2025-09-18 14:37:18,676 - imu560 - INFO - Current output mask: 0x0A130022
2025-09-18 14:37:20,275 - imu560 - INFO - Current output mask: 0x0A130022
2025-09-18 14:37:21,763 - imu560 - INFO - Current output mask: 0x0A130022
2025-09-18 14:37:21,812 - imu560 - INFO - Current output mask: 0x0A130022
2025-09-18 14:37:23,411 - imu560 - INFO - Current output mask: 0x0A130022
2025-09-18 14:37:25,246 - imu560 - INFO - Current output mask: 0x0A130022
2025-09-18 14:37:25,292 - imu560 - INFO - Current output mask: 0x0A130022
2025-09-18 14:37:26,891 - imu560 - INFO - Current output mask: 0x0A130022
2025-09-18 14:37:28,646 - imu560 - INFO - Current output mask: 0x0A130022
2025-09-18 14:37:28,694 - imu560 - INFO - Current output mask: 0x0A130022
2025-09-18 14:37:30,291 - imu560 - INFO - Current output mask: 0x0A130022
2025-09-18 14:37:31,746 - imu560 - INFO - Current output mask: 0x0A130022
2025-09-18 14:37:31,791 - imu560 - INFO - Current output mask: 0x0A130022
2025-09-18 14:37:33,391 - imu560 - INFO - Current output mask: 0x0A130022
2025-09-18 14:37:35,131 - imu560 - INFO - Current output mask: 0x0A130022
2025-09-18 14:37:35,176 - imu560 - INFO - Current output mask: 0x0A130022
2025-09-18 14:37:36,771 - imu560 - INFO - Current output mask: 0x0A130022
2025-09-18 14:37:38,345 - imu560 - INFO - Current output mask: 0x0A130022
2025-09-18 14:37:38,391 - imu560 - INFO - Current output mask: 0x0A130022
2025-09-18 14:37:39,990 - imu560 - INFO - Current output mask: 0x0A130022
2025-09-18 14:37:41,766 - imu560 - INFO - Current output mask: 0x0A130022
2025-09-18 14:37:41,811 - imu560 - INFO - Current output mask: 0x0A130022
2025-09-18 14:37:43,405 - imu560 - INFO - Current output mask: 0x0A130022
2025-09-18 14:37:44,825 - imu560 - INFO - Current output mask: 0x0A130022
2025-09-18 14:37:44,870 - imu560 - INFO - Current output mask: 0x0A130022
2025-09-18 14:37:46,466 - imu560 - INFO - Current output mask: 0x0A130022
2025-09-18 14:37:48,289 - imu560 - INFO - Current output mask: 0x0A130022
2025-09-18 14:37:48,336 - imu560 - INFO - Current output mask: 0x0A130022
2025-09-18 14:37:49,930 - imu560 - INFO - Current output mask: 0x0A130022
2025-09-18 14:37:51,311 - imu560 - INFO - Current output mask: 0x0A130022
2025-09-18 14:37:51,356 - imu560 - INFO - Current output mask: 0x0A130022
2025-09-18 14:37:52,955 - imu560 - INFO - Current output mask: 0x0A130022
2025-09-18 14:37:54,619 - imu560 - INFO - Current output mask: 0x0A130022
2025-09-18 14:37:54,666 - imu560 - INFO - Current output mask: 0x0A130022
2025-09-18 14:37:56,271 - imu560 - INFO - Current output mask: 0x0A130022
2025-09-18 14:37:57,966 - imu560 - INFO - Current output mask: 0x0A130022
2025-09-18 14:37:58,011 - imu560 - INFO - Current output mask: 0x0A130022
2025-09-18 14:37:59,605 - imu560 - INFO - Current output mask: 0x0A130022
2025-09-18 14:38:00,615 - imu560 - INFO - Current output mask: 0x0A130022
2025-09-18 14:38:00,659 - imu560 - INFO - Current output mask: 0x0A130022
2025-09-18 14:38:02,256 - imu560 - INFO - Current output mask: 0x0A130022
2025-09-18 14:38:04,040 - imu560 - INFO - Current output mask: 0x0A130022
2025-09-18 14:38:04,085 - imu560 - INFO - Current output mask: 0x0A130022
2025-09-18 14:38:05,683 - imu560 - INFO - Current output mask: 0x0A130022
2025-09-18 14:38:07,232 - imu560 - INFO - Current output mask: 0x0A130022
2025-09-18 14:38:07,276 - imu560 - INFO - Current output mask: 0x0A130022
2025-09-18 14:38:08,870 - imu560 - INFO - Current output mask: 0x0A130022
2025-09-18 14:38:10,646 - imu560 - INFO - Current output mask: 0x0A130022
2025-09-18 14:38:10,691 - imu560 - INFO - Current output mask: 0x0A130022
2025-09-18 14:38:12,286 - imu560 - INFO - Current output mask: 0x0A130022
2025-09-18 14:38:13,960 - imu560 - INFO - Current output mask: 0x0A130022
2025-09-18 14:38:14,005 - imu560 - INFO - Current output mask: 0x0A130022
2025-09-18 14:38:15,600 - imu560 - INFO - Current output mask: 0x0A130022
2025-09-18 14:38:17,205 - imu560 - INFO - Current output mask: 0x0A130022
2025-09-18 14:38:17,252 - imu560 - INFO - Current output mask: 0x0A130022
2025-09-18 14:38:18,849 - imu560 - INFO - Current output mask: 0x0A130022
2025-09-18 14:38:20,081 - imu560 - INFO - Current output mask: 0x0A130022
2025-09-18 14:38:20,126 - imu560 - INFO - Current output mask: 0x0A130022
2025-09-18 14:38:21,720 - imu560 - INFO - Current output mask: 0x0A130022
2025-09-18 14:38:23,463 - imu560 - INFO - Current output mask: 0x0A130022
2025-09-18 14:38:23,511 - imu560 - INFO - Current output mask: 0x0A130022
2025-09-18 14:38:25,110 - imu560 - INFO - Current output mask: 0x0A130022
2025-09-18 14:38:26,470 - imu560 - INFO - Continuous mode disabled, frequency: 100Hz
2025-09-18 14:38:26,470 - imu560 - INFO - Continuous mode stopped
2025-09-18 14:38:26,476 - imu560 - INFO - Disconnected from IMU560
2025-09-18 14:38:29,035 - imu560 - INFO - IMU560 Controller initialized (CORRECTED VERSION)
2025-09-18 14:38:29,044 - imu560 - INFO - Connected to IMU560 on /dev/ttyUSB0 at 115200 baud
2025-09-18 14:38:29,056 - imu560 - INFO - Continuous mode disabled, frequency: 100Hz
2025-09-18 14:38:29,567 - imu560 - INFO - Output mask set to 0x0A13E022
2025-09-18 14:38:30,079 - imu560 - INFO - Current magnetic declination: 0.0°
2025-09-18 14:38:37,965 - imu560 - INFO - Current output mask: 0x0A130022
2025-09-18 14:39:11,155 - imu560 - INFO - Current output mask: 0x0A130022
2025-09-18 14:39:11,200 - imu560 - INFO - Current output mask: 0x0A130022
2025-09-18 14:39:11,247 - imu560 - INFO - Current output mask: 0x0A130022
2025-09-18 14:39:12,844 - imu560 - INFO - Current output mask: 0x0A130022
2025-09-18 14:39:14,610 - imu560 - INFO - Current output mask: 0x0A130022
2025-09-18 14:39:14,655 - imu560 - INFO - Current output mask: 0x0A130022-

2025-09-18 14:39:16,250 - imu560 - INFO - Current output mask: 0x0A130022
2025-09-18 14:39:17,891 - imu560 - INFO - Current output mask: 0x0A130022
2025-09-18 14:39:17,935 - imu560 - INFO - Current output mask: 0x0A130022
2025-09-18 14:39:19,531 - imu560 - INFO - Current output mask: 0x0A130022
2025-09-18 14:39:20,660 - imu560 - INFO - Current output mask: 0x0A130022
2025-09-18 14:39:20,707 - imu560 - INFO - Current output mask: 0x0A130022
2025-09-18 14:39:22,304 - imu560 - INFO - Current output mask: 0x0A130022
2025-09-18 14:39:23,935 - imu560 - INFO - Current output mask: 0x0A130022
2025-09-18 14:39:23,980 - imu560 - INFO - Current output mask: 0x0A130022
2025-09-18 14:39:25,575 - imu560 - INFO - Current output mask: 0x0A130022
2025-09-18 14:39:27,135 - imu560 - INFO - Current output mask: 0x0A130022
2025-09-18 14:40:53,600 - imu560 - INFO - Current output mask: 0x0A130022
2025-09-18 14:40:53,646 - imu560 - INFO - Current output mask: 0x0A130022
2025-09-18 14:40:53,694 - imu560 - INFO - Current output mask: 0x0A130022
2025-09-18 14:40:55,290 - imu560 - INFO - Current output mask: 0x0A130022
2025-09-18 14:40:56,735 - imu560 - INFO - Current output mask: 0x0A130022
2025-09-18 14:40:56,781 - imu560 - INFO - Current output mask: 0x0A130022
2025-09-18 14:40:58,375 - imu560 - INFO - Current output mask: 0x0A130022
2025-09-18 14:41:00,005 - imu560 - INFO - Current output mask: 0x0A130022
2025-09-18 14:41:00,051 - imu560 - INFO - Current output mask: 0x0A130022
2025-09-18 14:41:01,651 - imu560 - INFO - Current output mask: 0x0A130022
2025-09-18 14:41:03,021 - imu560 - INFO - Current output mask: 0x0A130022
2025-09-18 14:41:03,069 - imu560 - INFO - Current output mask: 0x0A130022
2025-09-18 14:41:04,666 - imu560 - INFO - Current output mask: 0x0A130022
2025-09-18 14:41:05,466 - imu560 - INFO - Continuous mode disabled, frequency: 100Hz
2025-09-18 14:41:05,467 - imu560 - INFO - Continuous mode stopped
2025-09-18 14:41:05,472 - imu560 - INFO - Disconnected from IMU560
2025-09-18 14:41:09,876 - imu560 - INFO - IMU560 Controller initialized (CORRECTED VERSION)
2025-09-18 14:41:09,896 - imu560 - INFO - Connected to IMU560 on /dev/ttyUSB0 at 115200 baud
2025-09-18 14:41:09,920 - imu560 - INFO - Continuous mode disabled, frequency: 100Hz
2025-09-18 14:41:10,431 - imu560 - INFO - Output mask set to 0x0A13E022
2025-09-18 14:41:10,943 - imu560 - INFO - Current magnetic declination: 0.0°
2025-09-18 14:41:20,457 - imu560 - INFO - Current output mask: 0x0A130022
2025-09-18 14:41:49,779 - imu560 - INFO - Continuous mode disabled, frequency: 100Hz
2025-09-18 14:41:49,780 - imu560 - INFO - Continuous mode stopped
2025-09-18 14:41:49,788 - imu560 - INFO - Disconnected from IMU560
2025-09-18 14:42:58,925 - imu560 - INFO - IMU560 Controller initialized (CORRECTED VERSION)
2025-09-18 14:42:58,931 - imu560 - INFO - Connected to IMU560 on /dev/ttyUSB0 at 115200 baud
2025-09-18 14:42:58,945 - imu560 - INFO - Continuous mode disabled, frequency: 100Hz
2025-09-18 14:42:59,457 - imu560 - INFO - Output mask set to 0x0A13E022
2025-09-18 14:42:59,968 - imu560 - INFO - Current magnetic declination: 0.0°
2025-09-18 14:43:02,369 - imu560 - INFO - Current output mask: 0x0A130022
2025-09-18 14:43:02,418 - imu560 - INFO - Current output mask: 0x0A130022
2025-09-18 14:43:02,473 - imu560 - INFO - Current output mask: 0x0A130022
2025-09-18 14:43:06,052 - imu560 - INFO - Current output mask: 0x0A130022
2025-09-18 14:43:06,097 - imu560 - INFO - Current output mask: 0x0A130022
2025-09-18 14:43:09,672 - imu560 - INFO - Current output mask: 0x0A130022
2025-09-18 14:43:09,717 - imu560 - INFO - Current output mask: 0x0A130022
2025-09-18 14:43:13,293 - imu560 - INFO - Current output mask: 0x0A130022
2025-09-18 14:43:13,341 - imu560 - INFO - Current output mask: 0x0A130022
2025-09-18 14:43:16,917 - imu560 - INFO - Current output mask: 0x0A130022
2025-09-18 14:43:16,962 - imu560 - INFO - Current output mask: 0x0A130022
2025-09-18 14:43:20,537 - imu560 - INFO - Current output mask: 0x0A130022
2025-09-18 14:43:46,501 - imu560 - INFO - Current output mask: 0x0A130022
2025-09-18 14:43:46,550 - imu560 - INFO - Current output mask: 0x0A130022
2025-09-18 14:43:46,596 - imu560 - INFO - Current output mask: 0x0A130022
2025-09-18 14:43:50,172 - imu560 - INFO - Current output mask: 0x0A130022
2025-09-18 14:43:50,217 - imu560 - INFO - Current output mask: 0x0A130022
2025-09-18 14:43:53,798 - imu560 - INFO - Current output mask: 0x0A130022
2025-09-18 14:43:53,845 - imu560 - INFO - Current output mask: 0x0A130022
2025-09-18 14:43:57,423 - imu560 - INFO - Current output mask: 0x0A130022
2025-09-18 14:43:57,468 - imu560 - INFO - Current output mask: 0x0A130022
2025-09-18 14:44:01,042 - imu560 - INFO - Current output mask: 0x0A130022
2025-09-18 14:44:01,088 - imu560 - INFO - Current output mask: 0x0A130022
2025-09-18 14:44:04,668 - imu560 - INFO - Current output mask: 0x0A130022
2025-09-18 14:44:11,691 - imu560 - INFO - Current output mask: 0x0A130022
2025-09-18 14:44:11,738 - imu560 - INFO - Current output mask: 0x0A130022
2025-09-18 14:44:11,783 - imu560 - INFO - Current output mask: 0x0A130022
2025-09-18 14:44:15,363 - imu560 - INFO - Current output mask: 0x0A130022
2025-09-18 14:44:15,412 - imu560 - INFO - Current output mask: 0x0A130022
2025-09-18 14:44:17,875 - imu560 - INFO - Continuous mode disabled, frequency: 100Hz
2025-09-18 14:44:17,876 - imu560 - INFO - Continuous mode stopped
2025-09-18 14:44:17,880 - imu560 - INFO - Disconnected from IMU560
2025-09-18 14:45:03,689 - imu560 - INFO - IMU560 Controller initialized (CORRECTED VERSION)
2025-09-18 14:45:03,694 - imu560 - INFO - Connected to IMU560 on /dev/ttyUSB0 at 115200 baud
2025-09-18 14:45:03,709 - imu560 - INFO - Continuous mode disabled, frequency: 100Hz
2025-09-18 14:45:04,220 - imu560 - INFO - Output mask set to 0x0A13E022
2025-09-18 14:45:04,732 - imu560 - INFO - Current magnetic declination: 0.0°
2025-09-18 14:45:24,310 - imu560 - INFO - Current output mask: 0x0A130022
2025-09-18 14:45:24,355 - imu560 - INFO - Current output mask: 0x0A130022
2025-09-18 14:45:38,288 - imu560 - INFO - Current output mask: 0x0A130022
2025-09-18 14:45:38,336 - imu560 - INFO - Current output mask: 0x0A130022
